<?xml version="1.0" encoding="UTF-8"?>
<!-- Generated by org.testng.reporters.JUnitXMLReporter -->
<testsuite ignored="0" hostname="DESKTOP-LM8VLMM" failures="0" tests="3" name="SmokeTest" time="7.738" errors="0" timestamp="2023-12-17T11:53:05 EST">
  <testcase classname="com.qa.testNG.Class1" name="facebookTest" time="3.679"/>
  <testcase classname="com.qa.testNG.Class1" name="googleTest" time="4.019"/>
  <testcase classname="com.qa.testNG.Class2" name="testOrangeHRM" time="0.002"/>
</testsuite> <!-- SmokeTest -->
