<?xml version="1.0" encoding="UTF-8"?>
<!-- Generated by org.testng.reporters.JUnitXMLReporter -->
<testsuite ignored="2" hostname="DESKTOP-LM8VLMM" failures="0" tests="3" name="Login Test" time="6.109" errors="0" timestamp="2023-12-23T13:50:48 EST">
  <testcase classname="com.smart.parameters.OrangeHRMtest" name="launchApplication" time="1.434"/>
  <testcase classname="com.smart.parameters.OrangeHRMtest" name="loginTotheApplication" time="0.58"/>
  <testcase classname="com.smart.parameters.OrangeHRMtest" name="validateLogin" time="2.077"/>
  <testcase classname="com.smart.parameters.OrangeHRMtest" name="verifyMyInfo" time="0.0">
    <ignored/>
  </testcase> <!-- verifyMyInfo -->
  <testcase classname="com.smart.parameters.OrangeHRMtest" name="navigateToMyInfo" time="0.0">
    <ignored/>
  </testcase> <!-- navigateToMyInfo -->
</testsuite> <!-- Login Test -->
