<?xml version="1.0" encoding="UTF-8"?>
<!-- Generated by org.testng.reporters.JUnitXMLReporter -->
<testsuite ignored="3" hostname="DESKTOP-LM8VLMM" failures="0" tests="2" name="Smoke Test" time="10.281" errors="0" timestamp="2023-12-30T11:05:46 EST">
  <testcase classname="com.smart.group2.TestClass" name="testFacebook" time="3.153"/>
  <testcase classname="com.smart.group2.TestClass" name="testGoogle" time="3.862"/>
  <testcase classname="com.smart.group2.BaseClass" name="@AfterTest tearDown" time="0.0">
    <ignored/>
  </testcase> <!-- @AfterTest tearDown -->
  <testcase classname="com.smart.group2.BaseClass" name="@BeforeTest initializeBrowser" time="0.0">
    <ignored/>
  </testcase> <!-- @BeforeTest initializeBrowser -->
  <testcase classname="com.smart.group2.TestClass" name="testOrangeHRM" time="0.0">
    <ignored/>
  </testcase> <!-- testOrangeHRM -->
</testsuite> <!-- Smoke Test -->
