<?xml version="1.0" encoding="UTF-8"?>
<!-- Generated by org.testng.reporters.JUnitXMLReporter -->
<testsuite ignored="0" hostname="DESKTOP-LM8VLMM" failures="0" tests="4" name="Test" time="16.567" errors="0" timestamp="2023-12-30T14:55:40 EST">
  <testcase classname="com.smart.dataprovider.TestClass" name="testGoogle" time="7.243"/>
  <testcase classname="com.smart.dataprovider.TestClass" name="testGoogle" time="10.245"/>
  <testcase classname="com.smart.dataprovider.TestClass" name="testGoogle" time="5.739"/>
  <testcase classname="com.smart.dataprovider.TestClass" name="testGoogle" time="9.252"/>
</testsuite> <!-- Test -->
