<?xml version="1.0" encoding="UTF-8"?>
<!-- Generated by org.testng.reporters.JUnitXMLReporter -->
<testsuite ignored="0" hostname="DESKTOP-LM8VLMM" failures="0" tests="4" name="Test3" time="0.011" errors="0" timestamp="2023-12-30T15:15:08 EST">
  <testcase classname="com.smart.parallel.TestClass1" name="testMethod1" time="0.001"/>
  <testcase classname="com.smart.parallel.TestClass1" name="testMethod2" time="0.0"/>
  <testcase classname="com.smart.parallel.TestClass1" name="testMethod3" time="0.0"/>
  <testcase classname="com.smart.parallel.TestClass1" name="testMethod4" time="0.002"/>
</testsuite> <!-- Test3 -->
