<?xml version="1.0" encoding="UTF-8"?>
<!-- Generated by org.testng.reporters.JUnitXMLReporter -->
<testsuite ignored="3" hostname="DESKTOP-LM8VLMM" failures="0" tests="2" name="TestOne" time="0.042" errors="0" timestamp="2023-12-23T15:08:47 EST">
  <testcase classname="com.smart.group.PricelineTest" name="logOut" time="0.007"/>
  <testcase classname="com.smart.group.PricelineTest" name="searchFlight" time="0.003"/>
  <testcase classname="com.smart.group.PricelineTest" name="checkout" time="0.0">
    <ignored/>
  </testcase> <!-- checkout -->
  <testcase classname="com.smart.group.PricelineTest" name="createAccount" time="0.0">
    <ignored/>
  </testcase> <!-- createAccount -->
  <testcase classname="com.smart.group.PricelineTest" name="login" time="0.0">
    <ignored/>
  </testcase> <!-- login -->
</testsuite> <!-- TestOne -->
