<?xml version="1.0" encoding="UTF-8"?>
<!-- Generated by org.testng.reporters.JUnitXMLReporter -->
<testsuite ignored="0" hostname="DESKTOP-LM8VLMM" failures="0" tests="3" name="Test2" time="0.012" errors="0" timestamp="2023-12-30T15:15:08 EST">
  <testcase classname="com.smart.parallel.TestClass2" name="testMethod5" time="0.002"/>
  <testcase classname="com.smart.parallel.TestClass2" name="testMethod6" time="0.001"/>
  <testcase classname="com.smart.parallel.TestClass2" name="testMethod7" time="0.0"/>
</testsuite> <!-- Test2 -->
