<?xml version="1.0" encoding="UTF-8"?>
<!-- Generated by org.testng.reporters.JUnitXMLReporter -->
<testsuite ignored="4" hostname="DESKTOP-LM8VLMM" failures="1" tests="3" name="Test2" time="1.042" errors="0" timestamp="2023-12-30T16:29:07 EST">
  <testcase classname="com.smart.listener.TestClassOne" name="testMethod3" time="1.026">
    <failure type="org.testng.internal.thread.ThreadTimeoutException" message="Method com.smart.listener.TestClassOne.testMethod3() didn&amp;apos;t finish within the time-out 1000">
      <![CDATA[org.testng.internal.thread.ThreadTimeoutException: Method com.smart.listener.TestClassOne.testMethod3() didn't finish within the time-out 1000
at java.base@17.0.5/java.lang.Thread.sleep(Native Method)
at app//com.smart.listener.TestClassOne.testMethod3(TestClassOne.java:22)
at java.base@17.0.5/java.util.concurrent.FutureTask.run(FutureTask.java:264)
at java.base@17.0.5/java.util.concurrent.ThreadPoolExecutor.runWorker(ThreadPoolExecutor.java:1136)
at java.base@17.0.5/java.util.concurrent.ThreadPoolExecutor$Worker.run(ThreadPoolExecutor.java:635)
at java.base@17.0.5/java.lang.Thread.run(Thread.java:833)
... Removed 8 stack frames]]>
    </failure>
  </testcase> <!-- testMethod3 -->
  <testcase classname="com.smart.listener.TestClassOne" name="testMethod4" time="0.001">
    <skipped/>
  </testcase> <!-- testMethod4 -->
  <testcase classname="com.smart.listener.TestClassOne" name="testMethod7" time="0.001"/>
  <testcase classname="com.smart.listener.TestClassOne" name="testMethod1" time="0.0">
    <ignored/>
  </testcase> <!-- testMethod1 -->
  <testcase classname="com.smart.listener.TestClassOne" name="testMethod2" time="0.0">
    <ignored/>
  </testcase> <!-- testMethod2 -->
  <testcase classname="com.smart.listener.TestClassOne" name="testMethod5" time="0.0">
    <ignored/>
  </testcase> <!-- testMethod5 -->
  <testcase classname="com.smart.listener.TestClassOne" name="testMethod6" time="0.0">
    <ignored/>
  </testcase> <!-- testMethod6 -->
</testsuite> <!-- Test2 -->
