<?xml version="1.0" encoding="UTF-8"?>
<!-- Generated by org.testng.reporters.JUnitXMLReporter -->
<testsuite ignored="4" hostname="DESKTOP-LM8VLMM" failures="1" tests="3" name="Test1" time="0.062" errors="0" timestamp="2023-12-30T16:29:06 EST">
  <testcase classname="com.smart.listener.TestClassOne" name="testMethod1" time="0.015"/>
  <testcase classname="com.smart.listener.TestClassOne" name="testMethod2" time="0.003">
    <failure type="java.lang.AssertionError" message="null">
      <![CDATA[java.lang.AssertionError: null
at com.smart.listener.TestClassOne.testMethod2(TestClassOne.java:17)
at java.base/java.util.ArrayList.forEach(ArrayList.java:1511)
... Removed 29 stack frames]]>
    </failure>
  </testcase> <!-- testMethod2 -->
  <testcase classname="com.smart.listener.TestClassOne" name="testMethod6" time="0.002"/>
  <testcase classname="com.smart.listener.TestClassOne" name="testMethod3" time="0.0">
    <ignored/>
  </testcase> <!-- testMethod3 -->
  <testcase classname="com.smart.listener.TestClassOne" name="testMethod4" time="0.0">
    <ignored/>
  </testcase> <!-- testMethod4 -->
  <testcase classname="com.smart.listener.TestClassOne" name="testMethod7" time="0.0">
    <ignored/>
  </testcase> <!-- testMethod7 -->
  <testcase classname="com.smart.listener.TestClassOne" name="testMethod5" time="0.0">
    <ignored/>
  </testcase> <!-- testMethod5 -->
</testsuite> <!-- Test1 -->
